<?xml version="1.0" encoding="UTF-8"?>
<testsuite xmlns:xsi="http://www.w3.org/2001/XMLSchema-instance" xsi:noNamespaceSchemaLocation="https://maven.apache.org/surefire/maven-surefire-plugin/xsd/surefire-test-report.xsd" name="TestSuite" time="8.263" tests="5" errors="0" skipped="0" failures="0">
  <properties>
    <property name="java.specification.version" value="17"/>
    <property name="sun.cpu.isalist" value="amd64"/>
    <property name="sun.jnu.encoding" value="Cp1252"/>
    <property name="java.class.path" value="C:\Users\VenD-Shahryar\Desktop\Assignment_01\Assignment\target\test-classes;C:\Users\VenD-Shahryar\Desktop\Assignment_01\Assignment\target\classes;C:\Users\VenD-Shahryar\.m2\repository\org\testng\testng\7.6.1\testng-7.6.1.jar;C:\Users\VenD-Shahryar\.m2\repository\com\google\code\findbugs\jsr305\3.0.2\jsr305-3.0.2.jar;C:\Users\VenD-Shahryar\.m2\repository\com\beust\jcommander\1.82\jcommander-1.82.jar;C:\Users\VenD-Shahryar\.m2\repository\org\webjars\jquery\3.6.0\jquery-3.6.0.jar;C:\Users\VenD-Shahryar\.m2\repository\io\rest-assured\rest-assured\5.1.1\rest-assured-5.1.1.jar;C:\Users\VenD-Shahryar\.m2\repository\org\apache\groovy\groovy\4.0.1\groovy-4.0.1.jar;C:\Users\VenD-Shahryar\.m2\repository\org\apache\groovy\groovy-xml\4.0.1\groovy-xml-4.0.1.jar;C:\Users\VenD-Shahryar\.m2\repository\org\apache\httpcomponents\httpclient\4.5.13\httpclient-4.5.13.jar;C:\Users\VenD-Shahryar\.m2\repository\org\apache\httpcomponents\httpcore\4.4.13\httpcore-4.4.13.jar;C:\Users\VenD-Shahryar\.m2\repository\commons-logging\commons-logging\1.2\commons-logging-1.2.jar;C:\Users\VenD-Shahryar\.m2\repository\commons-codec\commons-codec\1.11\commons-codec-1.11.jar;C:\Users\VenD-Shahryar\.m2\repository\org\apache\httpcomponents\httpmime\4.5.13\httpmime-4.5.13.jar;C:\Users\VenD-Shahryar\.m2\repository\org\hamcrest\hamcrest\2.1\hamcrest-2.1.jar;C:\Users\VenD-Shahryar\.m2\repository\org\ccil\cowan\tagsoup\tagsoup\1.2.1\tagsoup-1.2.1.jar;C:\Users\VenD-Shahryar\.m2\repository\io\rest-assured\xml-path\5.1.1\xml-path-5.1.1.jar;C:\Users\VenD-Shahryar\.m2\repository\org\apache\commons\commons-lang3\3.11\commons-lang3-3.11.jar;C:\Users\VenD-Shahryar\.m2\repository\io\rest-assured\json-path\5.1.1\json-path-5.1.1.jar;C:\Users\VenD-Shahryar\.m2\repository\org\apache\groovy\groovy-json\4.0.1\groovy-json-4.0.1.jar;C:\Users\VenD-Shahryar\.m2\repository\io\rest-assured\rest-assured-common\5.1.1\rest-assured-common-5.1.1.jar;C:\Users\VenD-Shahryar\.m2\repository\org\json\json\20220320\json-20220320.jar;C:\Users\VenD-Shahryar\.m2\repository\com\google\code\gson\gson\2.9.0\gson-2.9.0.jar;C:\Users\VenD-Shahryar\.m2\repository\com\aventstack\extentreports\5.0.9\extentreports-5.0.9.jar;C:\Users\VenD-Shahryar\.m2\repository\io\reactivex\rxjava3\rxjava\3.0.4\rxjava-3.0.4.jar;C:\Users\VenD-Shahryar\.m2\repository\org\reactivestreams\reactive-streams\1.0.3\reactive-streams-1.0.3.jar;C:\Users\VenD-Shahryar\.m2\repository\org\freemarker\freemarker\2.3.30\freemarker-2.3.30.jar;C:\Users\VenD-Shahryar\.m2\repository\com\relevantcodes\extentreports\2.41.2\extentreports-2.41.2.jar;C:\Users\VenD-Shahryar\.m2\repository\org\jsoup\jsoup\1.8.3\jsoup-1.8.3.jar;C:\Users\VenD-Shahryar\.m2\repository\org\xerial\sqlite-jdbc\3.8.11.1\sqlite-jdbc-3.8.11.1.jar;C:\Users\VenD-Shahryar\.m2\repository\org\mongodb\mongodb-driver\3.0.4\mongodb-driver-3.0.4.jar;C:\Users\VenD-Shahryar\.m2\repository\org\mongodb\bson\3.0.4\bson-3.0.4.jar;C:\Users\VenD-Shahryar\.m2\repository\org\mongodb\mongodb-driver-core\3.0.4\mongodb-driver-core-3.0.4.jar;C:\Users\VenD-Shahryar\.m2\repository\org\apache\commons\commons-geometry-io-core\1.0\commons-geometry-io-core-1.0.jar;C:\Users\VenD-Shahryar\.m2\repository\org\apache\commons\commons-geometry-core\1.0\commons-geometry-core-1.0.jar;C:\Users\VenD-Shahryar\.m2\repository\org\apache\commons\commons-numbers-core\1.0\commons-numbers-core-1.0.jar;C:\Users\VenD-Shahryar\.m2\repository\org\slf4j\slf4j-api\2.0.0-alpha7\slf4j-api-2.0.0-alpha7.jar;C:\Users\VenD-Shahryar\.m2\repository\org\slf4j\slf4j-simple\2.0.0-alpha7\slf4j-simple-2.0.0-alpha7.jar;C:\Users\VenD-Shahryar\.m2\repository\org\projectlombok\lombok\1.18.24\lombok-1.18.24.jar;C:\Users\VenD-Shahryar\.m2\repository\junit\junit\4.13.2\junit-4.13.2.jar;C:\Users\VenD-Shahryar\.m2\repository\org\hamcrest\hamcrest-core\1.3\hamcrest-core-1.3.jar;C:\Users\VenD-Shahryar\.m2\repository\org\junit\jupiter\junit-jupiter-api\5.9.0\junit-jupiter-api-5.9.0.jar;C:\Users\VenD-Shahryar\.m2\repository\org\opentest4j\opentest4j\1.2.0\opentest4j-1.2.0.jar;C:\Users\VenD-Shahryar\.m2\repository\org\junit\platform\junit-platform-commons\1.9.0\junit-platform-commons-1.9.0.jar;C:\Users\VenD-Shahryar\.m2\repository\org\apiguardian\apiguardian-api\1.1.2\apiguardian-api-1.1.2.jar;C:\Users\VenD-Shahryar\.m2\repository\ru\qatools\commons\properties\2.0.RC6\properties-2.0.RC6.jar;"/>
    <property name="java.vm.vendor" value="Oracle Corporation"/>
    <property name="sun.arch.data.model" value="64"/>
    <property name="user.variant" value=""/>
    <property name="java.vendor.url" value="https://java.oracle.com/"/>
    <property name="user.timezone" value="Asia/Karachi"/>
    <property name="os.name" value="Windows 10"/>
    <property name="java.vm.specification.version" value="17"/>
    <property name="sun.java.launcher" value="SUN_STANDARD"/>
    <property name="user.country" value="US"/>
    <property name="sun.boot.library.path" value="C:\Program Files\Java\jdk-17.0.4\bin"/>
    <property name="sun.java.command" value="C:\Users\VEND-S~1\AppData\Local\Temp\surefire10848112570250578318\surefirebooter16731526286881570435.jar C:\Users\VenD-Shahryar\AppData\Local\Temp\surefire10848112570250578318 2022-08-29T12-17-34_282-jvmRun1 surefire14473324044922325028tmp surefire_018274081425675301504tmp"/>
    <property name="jdk.debug" value="release"/>
    <property name="surefire.test.class.path" value="C:\Users\VenD-Shahryar\Desktop\Assignment_01\Assignment\target\test-classes;C:\Users\VenD-Shahryar\Desktop\Assignment_01\Assignment\target\classes;C:\Users\VenD-Shahryar\.m2\repository\org\testng\testng\7.6.1\testng-7.6.1.jar;C:\Users\VenD-Shahryar\.m2\repository\com\google\code\findbugs\jsr305\3.0.2\jsr305-3.0.2.jar;C:\Users\VenD-Shahryar\.m2\repository\com\beust\jcommander\1.82\jcommander-1.82.jar;C:\Users\VenD-Shahryar\.m2\repository\org\webjars\jquery\3.6.0\jquery-3.6.0.jar;C:\Users\VenD-Shahryar\.m2\repository\io\rest-assured\rest-assured\5.1.1\rest-assured-5.1.1.jar;C:\Users\VenD-Shahryar\.m2\repository\org\apache\groovy\groovy\4.0.1\groovy-4.0.1.jar;C:\Users\VenD-Shahryar\.m2\repository\org\apache\groovy\groovy-xml\4.0.1\groovy-xml-4.0.1.jar;C:\Users\VenD-Shahryar\.m2\repository\org\apache\httpcomponents\httpclient\4.5.13\httpclient-4.5.13.jar;C:\Users\VenD-Shahryar\.m2\repository\org\apache\httpcomponents\httpcore\4.4.13\httpcore-4.4.13.jar;C:\Users\VenD-Shahryar\.m2\repository\commons-logging\commons-logging\1.2\commons-logging-1.2.jar;C:\Users\VenD-Shahryar\.m2\repository\commons-codec\commons-codec\1.11\commons-codec-1.11.jar;C:\Users\VenD-Shahryar\.m2\repository\org\apache\httpcomponents\httpmime\4.5.13\httpmime-4.5.13.jar;C:\Users\VenD-Shahryar\.m2\repository\org\hamcrest\hamcrest\2.1\hamcrest-2.1.jar;C:\Users\VenD-Shahryar\.m2\repository\org\ccil\cowan\tagsoup\tagsoup\1.2.1\tagsoup-1.2.1.jar;C:\Users\VenD-Shahryar\.m2\repository\io\rest-assured\xml-path\5.1.1\xml-path-5.1.1.jar;C:\Users\VenD-Shahryar\.m2\repository\org\apache\commons\commons-lang3\3.11\commons-lang3-3.11.jar;C:\Users\VenD-Shahryar\.m2\repository\io\rest-assured\json-path\5.1.1\json-path-5.1.1.jar;C:\Users\VenD-Shahryar\.m2\repository\org\apache\groovy\groovy-json\4.0.1\groovy-json-4.0.1.jar;C:\Users\VenD-Shahryar\.m2\repository\io\rest-assured\rest-assured-common\5.1.1\rest-assured-common-5.1.1.jar;C:\Users\VenD-Shahryar\.m2\repository\org\json\json\20220320\json-20220320.jar;C:\Users\VenD-Shahryar\.m2\repository\com\google\code\gson\gson\2.9.0\gson-2.9.0.jar;C:\Users\VenD-Shahryar\.m2\repository\com\aventstack\extentreports\5.0.9\extentreports-5.0.9.jar;C:\Users\VenD-Shahryar\.m2\repository\io\reactivex\rxjava3\rxjava\3.0.4\rxjava-3.0.4.jar;C:\Users\VenD-Shahryar\.m2\repository\org\reactivestreams\reactive-streams\1.0.3\reactive-streams-1.0.3.jar;C:\Users\VenD-Shahryar\.m2\repository\org\freemarker\freemarker\2.3.30\freemarker-2.3.30.jar;C:\Users\VenD-Shahryar\.m2\repository\com\relevantcodes\extentreports\2.41.2\extentreports-2.41.2.jar;C:\Users\VenD-Shahryar\.m2\repository\org\jsoup\jsoup\1.8.3\jsoup-1.8.3.jar;C:\Users\VenD-Shahryar\.m2\repository\org\xerial\sqlite-jdbc\3.8.11.1\sqlite-jdbc-3.8.11.1.jar;C:\Users\VenD-Shahryar\.m2\repository\org\mongodb\mongodb-driver\3.0.4\mongodb-driver-3.0.4.jar;C:\Users\VenD-Shahryar\.m2\repository\org\mongodb\bson\3.0.4\bson-3.0.4.jar;C:\Users\VenD-Shahryar\.m2\repository\org\mongodb\mongodb-driver-core\3.0.4\mongodb-driver-core-3.0.4.jar;C:\Users\VenD-Shahryar\.m2\repository\org\apache\commons\commons-geometry-io-core\1.0\commons-geometry-io-core-1.0.jar;C:\Users\VenD-Shahryar\.m2\repository\org\apache\commons\commons-geometry-core\1.0\commons-geometry-core-1.0.jar;C:\Users\VenD-Shahryar\.m2\repository\org\apache\commons\commons-numbers-core\1.0\commons-numbers-core-1.0.jar;C:\Users\VenD-Shahryar\.m2\repository\org\slf4j\slf4j-api\2.0.0-alpha7\slf4j-api-2.0.0-alpha7.jar;C:\Users\VenD-Shahryar\.m2\repository\org\slf4j\slf4j-simple\2.0.0-alpha7\slf4j-simple-2.0.0-alpha7.jar;C:\Users\VenD-Shahryar\.m2\repository\org\projectlombok\lombok\1.18.24\lombok-1.18.24.jar;C:\Users\VenD-Shahryar\.m2\repository\junit\junit\4.13.2\junit-4.13.2.jar;C:\Users\VenD-Shahryar\.m2\repository\org\hamcrest\hamcrest-core\1.3\hamcrest-core-1.3.jar;C:\Users\VenD-Shahryar\.m2\repository\org\junit\jupiter\junit-jupiter-api\5.9.0\junit-jupiter-api-5.9.0.jar;C:\Users\VenD-Shahryar\.m2\repository\org\opentest4j\opentest4j\1.2.0\opentest4j-1.2.0.jar;C:\Users\VenD-Shahryar\.m2\repository\org\junit\platform\junit-platform-commons\1.9.0\junit-platform-commons-1.9.0.jar;C:\Users\VenD-Shahryar\.m2\repository\org\apiguardian\apiguardian-api\1.1.2\apiguardian-api-1.1.2.jar;C:\Users\VenD-Shahryar\.m2\repository\ru\qatools\commons\properties\2.0.RC6\properties-2.0.RC6.jar;"/>
    <property name="sun.cpu.endian" value="little"/>
    <property name="user.home" value="C:\Users\VenD-Shahryar"/>
    <property name="user.language" value="en"/>
    <property name="java.specification.vendor" value="Oracle Corporation"/>
    <property name="java.version.date" value="2022-07-19"/>
    <property name="java.home" value="C:\Program Files\Java\jdk-17.0.4"/>
    <property name="file.separator" value="\"/>
    <property name="basedir" value="C:\Users\VenD-Shahryar\Desktop\Assignment_01\Assignment"/>
    <property name="java.vm.compressedOopsMode" value="Zero based"/>
    <property name="line.separator" value="&#10;"/>
    <property name="java.vm.specification.vendor" value="Oracle Corporation"/>
    <property name="java.specification.name" value="Java Platform API Specification"/>
    <property name="surefire.real.class.path" value="C:\Users\VEND-S~1\AppData\Local\Temp\surefire10848112570250578318\surefirebooter16731526286881570435.jar"/>
    <property name="user.script" value=""/>
    <property name="sun.management.compiler" value="HotSpot 64-Bit Tiered Compilers"/>
    <property name="java.runtime.version" value="17.0.4+11-LTS-179"/>
    <property name="user.name" value="VenD-Shahryar"/>
    <property name="path.separator" value=";"/>
    <property name="os.version" value="10.0"/>
    <property name="java.runtime.name" value="Java(TM) SE Runtime Environment"/>
    <property name="file.encoding" value="Cp1252"/>
    <property name="java.vm.name" value="Java HotSpot(TM) 64-Bit Server VM"/>
    <property name="localRepository" value="C:\Users\VenD-Shahryar\.m2\repository"/>
    <property name="java.vendor.url.bug" value="https://bugreport.java.com/bugreport/"/>
    <property name="java.io.tmpdir" value="C:\Users\VEND-S~1\AppData\Local\Temp\"/>
    <property name="java.version" value="17.0.4"/>
    <property name="user.dir" value="C:\Users\VenD-Shahryar\Desktop\Assignment_01\Assignment"/>
    <property name="os.arch" value="amd64"/>
    <property name="java.vm.specification.name" value="Java Virtual Machine Specification"/>
    <property name="sun.os.patch.level" value=""/>
    <property name="native.encoding" value="Cp1252"/>
    <property name="java.library.path" value="C:\Program Files\Java\jdk-17.0.4\bin;C:\Windows\Sun\Java\bin;C:\Windows\system32;C:\Windows;C:\Program Files\Common Files\Oracle\Java\javapath;C:\Windows\system32;C:\Windows;C:\Windows\System32\Wbem;C:\Windows\System32\WindowsPowerShell\v1.0\;C:\Windows\System32\OpenSSH\;C:\Program Files\PuTTY\;C:\ProgramData\chocolatey\bin;C:\Program Files\nodejs\;C:\Program Files\apache-maven-3.8.6\bin;C:\Program Files\Git\cmd;C:\Users\VenD-Shahryar\AppData\Local\Programs\Python\Python310\Scripts\;C:\Users\VenD-Shahryar\AppData\Local\Programs\Python\Python310\;C:\Program Files\MySQL\MySQL Shell 8.0\bin\;C:\Users\VenD-Shahryar\AppData\Local\Microsoft\WindowsApps;;C:\Users\VenD-Shahryar\AppData\Local\Programs\Microsoft VS Code\bin;C:\Program Files\JetBrains\IntelliJ IDEA Community Edition 2022.1\bin;;C:\Users\VenD-Shahryar\AppData\Roaming\npm;."/>
    <property name="java.vm.info" value="mixed mode, sharing"/>
    <property name="java.vendor" value="Oracle Corporation"/>
    <property name="java.vm.version" value="17.0.4+11-LTS-179"/>
    <property name="sun.io.unicode.encoding" value="UnicodeLittle"/>
    <property name="java.class.version" value="61.0"/>
  </properties>
  <testcase name="Get_ListUsers" classname="BaseCode.BaseCode" time="2.665"/>
  <testcase name="Get_SingleUser" classname="BaseCode.BaseCode" time="0.576"/>
  <testcase name="POST_Create_User" classname="BaseCode.BaseCode" time="1.101"/>
  <testcase name="PUT_Update_User" classname="BaseCode.BaseCode" time="0.975"/>
  <testcase name="Delete_Single_User" classname="BaseCode.BaseCode" time="0.939"/>
</testsuite>