<?xml version="1.0" encoding="UTF-8"?>
<!-- Generated by org.testng.reporters.JUnitReportReporter -->
<testsuite hostname="DESKTOP-60K5F2C" failures="0" tests="15" name="CRUD" time="33.373" errors="0" timestamp="2022-08-11T14:22:34 PKT" skipped="0">
  <testcase classname="CRUD" name="Get_Single_User_Not_Found" time="2.054"/>
  <system-out/>
  <testcase classname="CRUD" name="Post_Login_User_Success_full" time="2.112"/>
  <system-out/>
  <testcase classname="CRUD" name="Get_Single_Resource_Not_Found" time="2.676"/>
  <system-out/>
  <testcase classname="CRUD" name="PUT_Update_User" time="2.177"/>
  <system-out/>
  <testcase classname="CRUD" name="Get_Delayed_Response_Users" time="4.274"/>
  <system-out/>
  <testcase classname="CRUD" name="Get_Single_Resource" time="1.863"/>
  <system-out/>
  <testcase classname="CRUD" name="Post_Register_User_Un_Success_full" time="2.089"/>
  <system-out/>
  <testcase classname="CRUD" name="Post_Register_User_Success_full" time="1.886"/>
  <system-out/>
  <testcase classname="CRUD" name="POST_Create_User" time="2.238"/>
  <system-out/>
  <testcase classname="CRUD" name="Patch_Update_User" time="2.116"/>
  <system-out/>
  <testcase classname="CRUD" name="Get_List_Resource" time="1.035"/>
  <system-out/>
  <testcase classname="CRUD" name="Get_SingleUser" time="1.046"/>
  <system-out/>
  <testcase classname="CRUD" name="Get_ListUsers" time="1.218"/>
  <system-out/>
  <testcase classname="CRUD" name="Post_Login_User_UnSuccess_full" time="2.389"/>
  <system-out/>
  <testcase classname="CRUD" name="Delete_Single_User" time="4.200"/>
  <system-out/>
</testsuite> <!-- CRUD -->
