<?xml version="1.0" encoding="UTF-8"?>
<!-- Generated by org.testng.reporters.JUnitReportReporter -->
<testsuite hostname="DESKTOP-60K5F2C" failures="0" tests="15" name="CRUD" time="23.145" errors="0" timestamp="2022-08-19T22:46:37 PKT" skipped="0">
  <testcase classname="CRUD" name="Post_Login_User_Success_full" time="1.227"/>
  <system-out/>
  <testcase classname="CRUD" name="POST_Create_User" time="2.153"/>
  <system-out/>
  <testcase classname="CRUD" name="Get_Delayed_Response_Users" time="4.278"/>
  <system-out/>
  <testcase classname="CRUD" name="Get_SingleUser" time="0.806"/>
  <system-out/>
  <testcase classname="CRUD" name="Get_ListUsers" time="0.700"/>
  <system-out/>
  <testcase classname="CRUD" name="Post_Register_User_Un_Success_full" time="1.125"/>
  <system-out/>
  <testcase classname="CRUD" name="Get_Single_Resource" time="1.329"/>
  <system-out/>
  <testcase classname="CRUD" name="Post_Login_User_UnSuccess_full" time="1.129"/>
  <system-out/>
  <testcase classname="CRUD" name="Patch_Update_User" time="1.330"/>
  <system-out/>
  <testcase classname="CRUD" name="Get_Single_Resource_Not_Found" time="1.228"/>
  <system-out/>
  <testcase classname="CRUD" name="Get_Single_User_Not_Found" time="1.325"/>
  <system-out/>
  <testcase classname="CRUD" name="Get_List_Resource" time="0.820"/>
  <system-out/>
  <testcase classname="CRUD" name="PUT_Update_User" time="1.223"/>
  <system-out/>
  <testcase classname="CRUD" name="Delete_Single_User" time="3.247"/>
  <system-out/>
  <testcase classname="CRUD" name="Post_Register_User_Success_full" time="1.225"/>
  <system-out/>
</testsuite> <!-- CRUD -->
