<?xml version="1.0" encoding="UTF-8"?>
<!-- Generated by org.testng.reporters.JUnitReportReporter -->
<testsuite hostname="DESKTOP-60K5F2C" failures="0" tests="5" name="BaseCode.BaseCode" time="5.863" errors="0" timestamp="2022-08-25T17:39:56 PKT" skipped="0">
  <testcase classname="BaseCode.BaseCode" name="Get_SingleUser" time="0.251"/>
  <system-out/>
  <testcase classname="BaseCode.BaseCode" name="Delete_Single_User" time="3.741"/>
  <system-out/>
  <testcase classname="BaseCode.BaseCode" name="Get_ListUsers" time="0.568"/>
  <system-out/>
  <testcase classname="BaseCode.BaseCode" name="POST_Create_User" time="0.706"/>
  <system-out/>
  <testcase classname="BaseCode.BaseCode" name="PUT_Update_User" time="0.597"/>
  <system-out/>
</testsuite> <!-- BaseCode.BaseCode -->
