<?xml version="1.0" encoding="UTF-8"?>
<!-- Generated by org.testng.reporters.JUnitReportReporter -->
<testsuite hostname="DESKTOP-60K5F2C" failures="0" tests="5" name="BaseCode.BaseCode" time="6.244" errors="0" timestamp="2022-08-29T12:17:43 PKT" skipped="0">
  <testcase classname="BaseCode.BaseCode" name="Get_ListUsers" time="2.651"/>
  <system-out/>
  <testcase classname="BaseCode.BaseCode" name="Get_SingleUser" time="0.581"/>
  <system-out/>
  <testcase classname="BaseCode.BaseCode" name="POST_Create_User" time="1.095"/>
  <system-out/>
  <testcase classname="BaseCode.BaseCode" name="PUT_Update_User" time="0.974"/>
  <system-out/>
  <testcase classname="BaseCode.BaseCode" name="Delete_Single_User" time="0.943"/>
  <system-out/>
</testsuite> <!-- BaseCode.BaseCode -->
